<?xml version="1.0" encoding="UTF-8"?>
<testsuite xmlns:xsi="http://www.w3.org/2001/XMLSchema-instance" xsi:noNamespaceSchemaLocation="https://maven.apache.org/surefire/maven-surefire-plugin/xsd/surefire-test-report.xsd" name="Login into Gmail application" time="20.499" tests="2" errors="0" skipped="0" failures="0">
  <properties>
    <property name="sun.desktop" value="windows"/>
    <property name="awt.toolkit" value="sun.awt.windows.WToolkit"/>
    <property name="java.specification.version" value="11"/>
    <property name="sun.cpu.isalist" value="amd64"/>
    <property name="sun.jnu.encoding" value="Cp1252"/>
    <property name="java.class.path" value="C:\programportal\cucumber\target\test-classes;C:\programportal\cucumber\target\classes;C:\Users\Ankit\.m2\repository\io\cucumber\cucumber-java\6.10.4\cucumber-java-6.10.4.jar;C:\Users\Ankit\.m2\repository\io\cucumber\cucumber-core\6.10.4\cucumber-core-6.10.4.jar;C:\Users\Ankit\.m2\repository\io\cucumber\cucumber-gherkin\6.10.4\cucumber-gherkin-6.10.4.jar;C:\Users\Ankit\.m2\repository\io\cucumber\cucumber-gherkin-messages\6.10.4\cucumber-gherkin-messages-6.10.4.jar;C:\Users\Ankit\.m2\repository\io\cucumber\messages\15.0.0\messages-15.0.0.jar;C:\Users\Ankit\.m2\repository\io\cucumber\tag-expressions\3.0.1\tag-expressions-3.0.1.jar;C:\Users\Ankit\.m2\repository\io\cucumber\cucumber-expressions\10.3.0\cucumber-expressions-10.3.0.jar;C:\Users\Ankit\.m2\repository\io\cucumber\datatable\3.5.0\datatable-3.5.0.jar;C:\Users\Ankit\.m2\repository\io\cucumber\cucumber-plugin\6.10.4\cucumber-plugin-6.10.4.jar;C:\Users\Ankit\.m2\repository\io\cucumber\docstring\6.10.4\docstring-6.10.4.jar;C:\Users\Ankit\.m2\repository\io\cucumber\html-formatter\13.0.0\html-formatter-13.0.0.jar;C:\Users\Ankit\.m2\repository\io\cucumber\create-meta\4.0.0\create-meta-4.0.0.jar;C:\Users\Ankit\.m2\repository\org\apiguardian\apiguardian-api\1.1.1\apiguardian-api-1.1.1.jar;C:\Users\Ankit\.m2\repository\io\cucumber\cucumber-junit\6.10.4\cucumber-junit-6.10.4.jar;C:\Users\Ankit\.m2\repository\junit\junit\4.13.2\junit-4.13.2.jar;C:\Users\Ankit\.m2\repository\org\hamcrest\hamcrest-core\1.3\hamcrest-core-1.3.jar;C:\Users\Ankit\.m2\repository\org\seleniumhq\selenium\selenium-java\3.141.5\selenium-java-3.141.5.jar;C:\Users\Ankit\.m2\repository\org\seleniumhq\selenium\selenium-api\3.141.5\selenium-api-3.141.5.jar;C:\Users\Ankit\.m2\repository\org\seleniumhq\selenium\selenium-chrome-driver\3.141.5\selenium-chrome-driver-3.141.5.jar;C:\Users\Ankit\.m2\repository\org\seleniumhq\selenium\selenium-edge-driver\3.141.5\selenium-edge-driver-3.141.5.jar;C:\Users\Ankit\.m2\repository\org\seleniumhq\selenium\selenium-firefox-driver\3.141.5\selenium-firefox-driver-3.141.5.jar;C:\Users\Ankit\.m2\repository\org\seleniumhq\selenium\selenium-ie-driver\3.141.5\selenium-ie-driver-3.141.5.jar;C:\Users\Ankit\.m2\repository\org\seleniumhq\selenium\selenium-opera-driver\3.141.5\selenium-opera-driver-3.141.5.jar;C:\Users\Ankit\.m2\repository\org\seleniumhq\selenium\selenium-remote-driver\3.141.5\selenium-remote-driver-3.141.5.jar;C:\Users\Ankit\.m2\repository\org\seleniumhq\selenium\selenium-safari-driver\3.141.5\selenium-safari-driver-3.141.5.jar;C:\Users\Ankit\.m2\repository\org\seleniumhq\selenium\selenium-support\3.141.5\selenium-support-3.141.5.jar;C:\Users\Ankit\.m2\repository\net\bytebuddy\byte-buddy\1.8.15\byte-buddy-1.8.15.jar;C:\Users\Ankit\.m2\repository\org\apache\commons\commons-exec\1.3\commons-exec-1.3.jar;C:\Users\Ankit\.m2\repository\com\google\guava\guava\25.0-jre\guava-25.0-jre.jar;C:\Users\Ankit\.m2\repository\com\google\code\findbugs\jsr305\1.3.9\jsr305-1.3.9.jar;C:\Users\Ankit\.m2\repository\org\checkerframework\checker-compat-qual\2.0.0\checker-compat-qual-2.0.0.jar;C:\Users\Ankit\.m2\repository\com\google\errorprone\error_prone_annotations\2.1.3\error_prone_annotations-2.1.3.jar;C:\Users\Ankit\.m2\repository\com\google\j2objc\j2objc-annotations\1.1\j2objc-annotations-1.1.jar;C:\Users\Ankit\.m2\repository\org\codehaus\mojo\animal-sniffer-annotations\1.14\animal-sniffer-annotations-1.14.jar;C:\Users\Ankit\.m2\repository\com\squareup\okhttp3\okhttp\3.11.0\okhttp-3.11.0.jar;C:\Users\Ankit\.m2\repository\com\squareup\okio\okio\1.14.0\okio-1.14.0.jar;C:\Users\Ankit\.m2\repository\org\springframework\spring-core\5.1.10.RELEASE\spring-core-5.1.10.RELEASE.jar;C:\Users\Ankit\.m2\repository\org\springframework\spring-jcl\5.1.10.RELEASE\spring-jcl-5.1.10.RELEASE.jar;C:\Users\Ankit\.m2\repository\org\springframework\spring-context\5.1.10.RELEASE\spring-context-5.1.10.RELEASE.jar;C:\Users\Ankit\.m2\repository\org\springframework\spring-aop\5.1.10.RELEASE\spring-aop-5.1.10.RELEASE.jar;C:\Users\Ankit\.m2\repository\org\springframework\spring-beans\5.1.10.RELEASE\spring-beans-5.1.10.RELEASE.jar;C:\Users\Ankit\.m2\repository\org\springframework\spring-expression\5.1.10.RELEASE\spring-expression-5.1.10.RELEASE.jar;C:\Users\Ankit\.m2\repository\com\browserstack\browserstack-local-java\0.1.0\browserstack-local-java-0.1.0.jar;C:\Users\Ankit\.m2\repository\commons-io\commons-io\1.3.2\commons-io-1.3.2.jar;"/>
    <property name="java.vm.vendor" value="Oracle Corporation"/>
    <property name="sun.arch.data.model" value="64"/>
    <property name="user.variant" value=""/>
    <property name="java.vendor.url" value="https://openjdk.java.net/"/>
    <property name="user.timezone" value="Asia/Calcutta"/>
    <property name="java.vm.specification.version" value="11"/>
    <property name="os.name" value="Windows 10"/>
    <property name="sun.java.launcher" value="SUN_STANDARD"/>
    <property name="user.country" value="IN"/>
    <property name="sun.boot.library.path" value="C:\Program Files\Java\jdk-11.0.11\bin"/>
    <property name="sun.java.command" value="C:\Users\Ankit\AppData\Local\Temp\surefire17849731478576284381\surefirebooter12570037344462037722.jar C:\Users\Ankit\AppData\Local\Temp\surefire17849731478576284381 2021-09-26T11-55-22_439-jvmRun1 surefire14017958898100819042tmp surefire_012079955745084209744tmp"/>
    <property name="jdk.debug" value="release"/>
    <property name="surefire.test.class.path" value="C:\programportal\cucumber\target\test-classes;C:\programportal\cucumber\target\classes;C:\Users\Ankit\.m2\repository\io\cucumber\cucumber-java\6.10.4\cucumber-java-6.10.4.jar;C:\Users\Ankit\.m2\repository\io\cucumber\cucumber-core\6.10.4\cucumber-core-6.10.4.jar;C:\Users\Ankit\.m2\repository\io\cucumber\cucumber-gherkin\6.10.4\cucumber-gherkin-6.10.4.jar;C:\Users\Ankit\.m2\repository\io\cucumber\cucumber-gherkin-messages\6.10.4\cucumber-gherkin-messages-6.10.4.jar;C:\Users\Ankit\.m2\repository\io\cucumber\messages\15.0.0\messages-15.0.0.jar;C:\Users\Ankit\.m2\repository\io\cucumber\tag-expressions\3.0.1\tag-expressions-3.0.1.jar;C:\Users\Ankit\.m2\repository\io\cucumber\cucumber-expressions\10.3.0\cucumber-expressions-10.3.0.jar;C:\Users\Ankit\.m2\repository\io\cucumber\datatable\3.5.0\datatable-3.5.0.jar;C:\Users\Ankit\.m2\repository\io\cucumber\cucumber-plugin\6.10.4\cucumber-plugin-6.10.4.jar;C:\Users\Ankit\.m2\repository\io\cucumber\docstring\6.10.4\docstring-6.10.4.jar;C:\Users\Ankit\.m2\repository\io\cucumber\html-formatter\13.0.0\html-formatter-13.0.0.jar;C:\Users\Ankit\.m2\repository\io\cucumber\create-meta\4.0.0\create-meta-4.0.0.jar;C:\Users\Ankit\.m2\repository\org\apiguardian\apiguardian-api\1.1.1\apiguardian-api-1.1.1.jar;C:\Users\Ankit\.m2\repository\io\cucumber\cucumber-junit\6.10.4\cucumber-junit-6.10.4.jar;C:\Users\Ankit\.m2\repository\junit\junit\4.13.2\junit-4.13.2.jar;C:\Users\Ankit\.m2\repository\org\hamcrest\hamcrest-core\1.3\hamcrest-core-1.3.jar;C:\Users\Ankit\.m2\repository\org\seleniumhq\selenium\selenium-java\3.141.5\selenium-java-3.141.5.jar;C:\Users\Ankit\.m2\repository\org\seleniumhq\selenium\selenium-api\3.141.5\selenium-api-3.141.5.jar;C:\Users\Ankit\.m2\repository\org\seleniumhq\selenium\selenium-chrome-driver\3.141.5\selenium-chrome-driver-3.141.5.jar;C:\Users\Ankit\.m2\repository\org\seleniumhq\selenium\selenium-edge-driver\3.141.5\selenium-edge-driver-3.141.5.jar;C:\Users\Ankit\.m2\repository\org\seleniumhq\selenium\selenium-firefox-driver\3.141.5\selenium-firefox-driver-3.141.5.jar;C:\Users\Ankit\.m2\repository\org\seleniumhq\selenium\selenium-ie-driver\3.141.5\selenium-ie-driver-3.141.5.jar;C:\Users\Ankit\.m2\repository\org\seleniumhq\selenium\selenium-opera-driver\3.141.5\selenium-opera-driver-3.141.5.jar;C:\Users\Ankit\.m2\repository\org\seleniumhq\selenium\selenium-remote-driver\3.141.5\selenium-remote-driver-3.141.5.jar;C:\Users\Ankit\.m2\repository\org\seleniumhq\selenium\selenium-safari-driver\3.141.5\selenium-safari-driver-3.141.5.jar;C:\Users\Ankit\.m2\repository\org\seleniumhq\selenium\selenium-support\3.141.5\selenium-support-3.141.5.jar;C:\Users\Ankit\.m2\repository\net\bytebuddy\byte-buddy\1.8.15\byte-buddy-1.8.15.jar;C:\Users\Ankit\.m2\repository\org\apache\commons\commons-exec\1.3\commons-exec-1.3.jar;C:\Users\Ankit\.m2\repository\com\google\guava\guava\25.0-jre\guava-25.0-jre.jar;C:\Users\Ankit\.m2\repository\com\google\code\findbugs\jsr305\1.3.9\jsr305-1.3.9.jar;C:\Users\Ankit\.m2\repository\org\checkerframework\checker-compat-qual\2.0.0\checker-compat-qual-2.0.0.jar;C:\Users\Ankit\.m2\repository\com\google\errorprone\error_prone_annotations\2.1.3\error_prone_annotations-2.1.3.jar;C:\Users\Ankit\.m2\repository\com\google\j2objc\j2objc-annotations\1.1\j2objc-annotations-1.1.jar;C:\Users\Ankit\.m2\repository\org\codehaus\mojo\animal-sniffer-annotations\1.14\animal-sniffer-annotations-1.14.jar;C:\Users\Ankit\.m2\repository\com\squareup\okhttp3\okhttp\3.11.0\okhttp-3.11.0.jar;C:\Users\Ankit\.m2\repository\com\squareup\okio\okio\1.14.0\okio-1.14.0.jar;C:\Users\Ankit\.m2\repository\org\springframework\spring-core\5.1.10.RELEASE\spring-core-5.1.10.RELEASE.jar;C:\Users\Ankit\.m2\repository\org\springframework\spring-jcl\5.1.10.RELEASE\spring-jcl-5.1.10.RELEASE.jar;C:\Users\Ankit\.m2\repository\org\springframework\spring-context\5.1.10.RELEASE\spring-context-5.1.10.RELEASE.jar;C:\Users\Ankit\.m2\repository\org\springframework\spring-aop\5.1.10.RELEASE\spring-aop-5.1.10.RELEASE.jar;C:\Users\Ankit\.m2\repository\org\springframework\spring-beans\5.1.10.RELEASE\spring-beans-5.1.10.RELEASE.jar;C:\Users\Ankit\.m2\repository\org\springframework\spring-expression\5.1.10.RELEASE\spring-expression-5.1.10.RELEASE.jar;C:\Users\Ankit\.m2\repository\com\browserstack\browserstack-local-java\0.1.0\browserstack-local-java-0.1.0.jar;C:\Users\Ankit\.m2\repository\commons-io\commons-io\1.3.2\commons-io-1.3.2.jar;"/>
    <property name="sun.cpu.endian" value="little"/>
    <property name="user.home" value="C:\Users\Ankit"/>
    <property name="user.language" value="en"/>
    <property name="java.specification.vendor" value="Oracle Corporation"/>
    <property name="java.version.date" value="2021-04-20"/>
    <property name="java.home" value="C:\Program Files\Java\jdk-11.0.11"/>
    <property name="file.separator" value="\"/>
    <property name="basedir" value="C:\programportal\cucumber"/>
    <property name="java.vm.compressedOopsMode" value="32-bit"/>
    <property name="line.separator" value="&#10;"/>
    <property name="java.specification.name" value="Java Platform API Specification"/>
    <property name="java.vm.specification.vendor" value="Oracle Corporation"/>
    <property name="java.awt.graphicsenv" value="sun.awt.Win32GraphicsEnvironment"/>
    <property name="surefire.real.class.path" value="C:\Users\Ankit\AppData\Local\Temp\surefire17849731478576284381\surefirebooter12570037344462037722.jar"/>
    <property name="user.script" value=""/>
    <property name="sun.management.compiler" value="HotSpot 64-Bit Tiered Compilers"/>
    <property name="java.runtime.version" value="11.0.11+9-LTS-194"/>
    <property name="user.name" value="Ankit"/>
    <property name="path.separator" value=";"/>
    <property name="os.version" value="10.0"/>
    <property name="java.runtime.name" value="Java(TM) SE Runtime Environment"/>
    <property name="file.encoding" value="Cp1252"/>
    <property name="java.vm.name" value="Java HotSpot(TM) 64-Bit Server VM"/>
    <property name="java.vendor.version" value="18.9"/>
    <property name="localRepository" value="C:\Users\Ankit\.m2\repository"/>
    <property name="java.vendor.url.bug" value="https://bugreport.java.com/bugreport/"/>
    <property name="java.io.tmpdir" value="C:\Users\Ankit\AppData\Local\Temp\"/>
    <property name="java.version" value="11.0.11"/>
    <property name="user.dir" value="C:\programportal\cucumber"/>
    <property name="os.arch" value="amd64"/>
    <property name="java.vm.specification.name" value="Java Virtual Machine Specification"/>
    <property name="java.awt.printerjob" value="sun.awt.windows.WPrinterJob"/>
    <property name="sun.os.patch.level" value=""/>
    <property name="java.library.path" value="C:\Program Files\Java\jdk-11.0.11\bin;C:\WINDOWS\Sun\Java\bin;C:\WINDOWS\system32;C:\WINDOWS;C:\Program Files\Common Files\Oracle\Java\javapath;C:\WINDOWS\system32;C:\WINDOWS;C:\WINDOWS\System32\Wbem;C:\WINDOWS\System32\WindowsPowerShell\v1.0\;C:\WINDOWS\System32\OpenSSH\;C:\Program Files\Intel\WiFi\bin\;C:\Program Files\Common Files\Intel\WirelessCommon\;C:\Program Files\Java\jdk-11.0.11\bin;C:\Users\Ankit\Downloads\apache-maven-3.6.1-bin\apache-maven-3.6.1\bin;C:\Program Files\Git\cmd;C:\Users\Ankit\AppData\Local\Android\Sdk;C:\Users\Ankit\Downloads\node-v10.22.0-win-x64\node-v10.22.0-win-x64;C:\Users\Ankit\AppData\Local\Android\Sdk\platform-tools;C:\Users\Ankit\AppData\Local\Android\Sdk\tools;C:\Users\Ankit\AppData\Local\Android\Sdk\tools\bin;C:\Gradle\gradle-6.0.1\bin;C:\Program Files\PuTTY\;C:\Program Files\Amazon\AWSCLIV2\;C:\Program Files\MySQL\MySQL Shell 8.0\bin\;C:\Users\Ankit\AppData\Local\Programs\Python\Python37\Scripts\;C:\Users\Ankit\AppData\Local\Programs\Python\Python37\;C:\Users\Ankit\AppData\Local\Microsoft\WindowsApps;C:\Program Files\JetBrains\PyCharm Community Edition 2019.2.1\bin;;C:\Users\Ankit\AppData\Local\Programs\Microsoft VS Code\bin;C:\Users\Ankit\AppData\Roaming\npm;C:\Program Files\Docker Toolbox;;."/>
    <property name="java.vendor" value="Oracle Corporation"/>
    <property name="java.vm.info" value="mixed mode"/>
    <property name="java.vm.version" value="11.0.11+9-LTS-194"/>
    <property name="sun.io.unicode.encoding" value="UnicodeLittle"/>
    <property name="java.class.version" value="55.0"/>
  </properties>
  <testcase name="Login into Gmail Login" classname="Login into Gmail application" time="11.08"/>
  <testcase name="Login intogmai;" classname="Login into Gmail application" time="9.398"/>
</testsuite>